<?xml version="1.0" encoding="UTF-8"?>
<testsuite xmlns:xsi="http://www.w3.org/2001/XMLSchema-instance" xsi:noNamespaceSchemaLocation="https://maven.apache.org/surefire/maven-surefire-plugin/xsd/surefire-test-report.xsd" name="com.learn.AppTest" time="0.03" tests="1" errors="0" skipped="0" failures="0">
  <properties>
    <property name="sun.desktop" value="gnome"/>
    <property name="awt.toolkit" value="sun.awt.X11.XToolkit"/>
    <property name="java.specification.version" value="11"/>
    <property name="sun.cpu.isalist" value=""/>
    <property name="sun.jnu.encoding" value="UTF-8"/>
    <property name="java.class.path" value="/home/matheus/webscrapping/webscraping/target/test-classes:/home/matheus/webscrapping/webscraping/target/classes:/home/matheus/.m2/repository/junit/junit/4.11/junit-4.11.jar:/home/matheus/.m2/repository/org/hamcrest/hamcrest-core/1.3/hamcrest-core-1.3.jar:/home/matheus/.m2/repository/net/sourceforge/htmlunit/htmlunit/2.70.0/htmlunit-2.70.0.jar:/home/matheus/.m2/repository/org/apache/httpcomponents/httpmime/4.5.14/httpmime-4.5.14.jar:/home/matheus/.m2/repository/org/apache/httpcomponents/httpclient/4.5.14/httpclient-4.5.14.jar:/home/matheus/.m2/repository/org/apache/httpcomponents/httpcore/4.4.16/httpcore-4.4.16.jar:/home/matheus/.m2/repository/net/sourceforge/htmlunit/htmlunit-core-js/2.70.0/htmlunit-core-js-2.70.0.jar:/home/matheus/.m2/repository/net/sourceforge/htmlunit/neko-htmlunit/2.70.0/neko-htmlunit-2.70.0.jar:/home/matheus/.m2/repository/net/sourceforge/htmlunit/htmlunit-cssparser/1.14.0/htmlunit-cssparser-1.14.0.jar:/home/matheus/.m2/repository/net/sourceforge/htmlunit/htmlunit-xpath/2.70.0/htmlunit-xpath-2.70.0.jar:/home/matheus/.m2/repository/org/apache/commons/commons-lang3/3.12.0/commons-lang3-3.12.0.jar:/home/matheus/.m2/repository/org/apache/commons/commons-text/1.10.0/commons-text-1.10.0.jar:/home/matheus/.m2/repository/commons-io/commons-io/2.10.0/commons-io-2.10.0.jar:/home/matheus/.m2/repository/commons-logging/commons-logging/1.2/commons-logging-1.2.jar:/home/matheus/.m2/repository/commons-net/commons-net/3.9.0/commons-net-3.9.0.jar:/home/matheus/.m2/repository/commons-codec/commons-codec/1.15/commons-codec-1.15.jar:/home/matheus/.m2/repository/org/brotli/dec/0.1.2/dec-0.1.2.jar:/home/matheus/.m2/repository/com/shapesecurity/salvation2/3.0.1/salvation2-3.0.1.jar:/home/matheus/.m2/repository/org/eclipse/jetty/websocket/websocket-client/9.4.50.v20221201/websocket-client-9.4.50.v20221201.jar:/home/matheus/.m2/repository/org/eclipse/jetty/jetty-client/9.4.50.v20221201/jetty-client-9.4.50.v20221201.jar:/home/matheus/.m2/repository/org/eclipse/jetty/jetty-http/9.4.50.v20221201/jetty-http-9.4.50.v20221201.jar:/home/matheus/.m2/repository/org/eclipse/jetty/jetty-util/9.4.50.v20221201/jetty-util-9.4.50.v20221201.jar:/home/matheus/.m2/repository/org/eclipse/jetty/jetty-io/9.4.50.v20221201/jetty-io-9.4.50.v20221201.jar:/home/matheus/.m2/repository/org/eclipse/jetty/websocket/websocket-common/9.4.50.v20221201/websocket-common-9.4.50.v20221201.jar:/home/matheus/.m2/repository/org/eclipse/jetty/websocket/websocket-api/9.4.50.v20221201/websocket-api-9.4.50.v20221201.jar:"/>
    <property name="java.vm.vendor" value="Ubuntu"/>
    <property name="sun.arch.data.model" value="64"/>
    <property name="java.vendor.url" value="https://ubuntu.com/"/>
    <property name="user.timezone" value=""/>
    <property name="user.country.format" value="BR"/>
    <property name="java.vm.specification.version" value="11"/>
    <property name="os.name" value="Linux"/>
    <property name="sun.java.launcher" value="SUN_STANDARD"/>
    <property name="user.country" value="US"/>
    <property name="sun.boot.library.path" value="/usr/lib/jvm/java-11-openjdk-amd64/lib"/>
    <property name="sun.java.command" value="/home/matheus/webscrapping/webscraping/target/surefire/surefirebooter10071798645106881483.jar /home/matheus/webscrapping/webscraping/target/surefire 2023-12-02T12-00-26_696-jvmRun1 surefire10807143831154998563tmp surefire_017845889285326833866tmp"/>
    <property name="jdk.debug" value="release"/>
    <property name="surefire.test.class.path" value="/home/matheus/webscrapping/webscraping/target/test-classes:/home/matheus/webscrapping/webscraping/target/classes:/home/matheus/.m2/repository/junit/junit/4.11/junit-4.11.jar:/home/matheus/.m2/repository/org/hamcrest/hamcrest-core/1.3/hamcrest-core-1.3.jar:/home/matheus/.m2/repository/net/sourceforge/htmlunit/htmlunit/2.70.0/htmlunit-2.70.0.jar:/home/matheus/.m2/repository/org/apache/httpcomponents/httpmime/4.5.14/httpmime-4.5.14.jar:/home/matheus/.m2/repository/org/apache/httpcomponents/httpclient/4.5.14/httpclient-4.5.14.jar:/home/matheus/.m2/repository/org/apache/httpcomponents/httpcore/4.4.16/httpcore-4.4.16.jar:/home/matheus/.m2/repository/net/sourceforge/htmlunit/htmlunit-core-js/2.70.0/htmlunit-core-js-2.70.0.jar:/home/matheus/.m2/repository/net/sourceforge/htmlunit/neko-htmlunit/2.70.0/neko-htmlunit-2.70.0.jar:/home/matheus/.m2/repository/net/sourceforge/htmlunit/htmlunit-cssparser/1.14.0/htmlunit-cssparser-1.14.0.jar:/home/matheus/.m2/repository/net/sourceforge/htmlunit/htmlunit-xpath/2.70.0/htmlunit-xpath-2.70.0.jar:/home/matheus/.m2/repository/org/apache/commons/commons-lang3/3.12.0/commons-lang3-3.12.0.jar:/home/matheus/.m2/repository/org/apache/commons/commons-text/1.10.0/commons-text-1.10.0.jar:/home/matheus/.m2/repository/commons-io/commons-io/2.10.0/commons-io-2.10.0.jar:/home/matheus/.m2/repository/commons-logging/commons-logging/1.2/commons-logging-1.2.jar:/home/matheus/.m2/repository/commons-net/commons-net/3.9.0/commons-net-3.9.0.jar:/home/matheus/.m2/repository/commons-codec/commons-codec/1.15/commons-codec-1.15.jar:/home/matheus/.m2/repository/org/brotli/dec/0.1.2/dec-0.1.2.jar:/home/matheus/.m2/repository/com/shapesecurity/salvation2/3.0.1/salvation2-3.0.1.jar:/home/matheus/.m2/repository/org/eclipse/jetty/websocket/websocket-client/9.4.50.v20221201/websocket-client-9.4.50.v20221201.jar:/home/matheus/.m2/repository/org/eclipse/jetty/jetty-client/9.4.50.v20221201/jetty-client-9.4.50.v20221201.jar:/home/matheus/.m2/repository/org/eclipse/jetty/jetty-http/9.4.50.v20221201/jetty-http-9.4.50.v20221201.jar:/home/matheus/.m2/repository/org/eclipse/jetty/jetty-util/9.4.50.v20221201/jetty-util-9.4.50.v20221201.jar:/home/matheus/.m2/repository/org/eclipse/jetty/jetty-io/9.4.50.v20221201/jetty-io-9.4.50.v20221201.jar:/home/matheus/.m2/repository/org/eclipse/jetty/websocket/websocket-common/9.4.50.v20221201/websocket-common-9.4.50.v20221201.jar:/home/matheus/.m2/repository/org/eclipse/jetty/websocket/websocket-api/9.4.50.v20221201/websocket-api-9.4.50.v20221201.jar:"/>
    <property name="sun.cpu.endian" value="little"/>
    <property name="user.home" value="/home/matheus"/>
    <property name="user.language" value="en"/>
    <property name="java.specification.vendor" value="Oracle Corporation"/>
    <property name="java.version.date" value="2023-10-17"/>
    <property name="java.home" value="/usr/lib/jvm/java-11-openjdk-amd64"/>
    <property name="file.separator" value="/"/>
    <property name="basedir" value="/home/matheus/webscrapping/webscraping"/>
    <property name="java.vm.compressedOopsMode" value="Zero based"/>
    <property name="line.separator" value="&#10;"/>
    <property name="java.specification.name" value="Java Platform API Specification"/>
    <property name="java.vm.specification.vendor" value="Oracle Corporation"/>
    <property name="java.awt.graphicsenv" value="sun.awt.X11GraphicsEnvironment"/>
    <property name="surefire.real.class.path" value="/home/matheus/webscrapping/webscraping/target/surefire/surefirebooter10071798645106881483.jar"/>
    <property name="sun.management.compiler" value="HotSpot 64-Bit Tiered Compilers"/>
    <property name="java.runtime.version" value="11.0.21+9-post-Ubuntu-0ubuntu120.04"/>
    <property name="user.name" value="matheus"/>
    <property name="path.separator" value=":"/>
    <property name="os.version" value="5.15.0-89-generic"/>
    <property name="java.runtime.name" value="OpenJDK Runtime Environment"/>
    <property name="file.encoding" value="UTF-8"/>
    <property name="java.vm.name" value="OpenJDK 64-Bit Server VM"/>
    <property name="localRepository" value="/home/matheus/.m2/repository"/>
    <property name="java.vendor.url.bug" value="https://bugs.launchpad.net/ubuntu/+source/openjdk-lts"/>
    <property name="java.io.tmpdir" value="/tmp"/>
    <property name="java.version" value="11.0.21"/>
    <property name="user.dir" value="/home/matheus/webscrapping/webscraping"/>
    <property name="os.arch" value="amd64"/>
    <property name="java.vm.specification.name" value="Java Virtual Machine Specification"/>
    <property name="java.awt.printerjob" value="sun.print.PSPrinterJob"/>
    <property name="user.language.format" value="pt"/>
    <property name="sun.os.patch.level" value="unknown"/>
    <property name="java.library.path" value="/usr/java/packages/lib:/usr/lib/x86_64-linux-gnu/jni:/lib/x86_64-linux-gnu:/usr/lib/x86_64-linux-gnu:/usr/lib/jni:/lib:/usr/lib"/>
    <property name="java.vm.info" value="mixed mode, sharing"/>
    <property name="java.vendor" value="Ubuntu"/>
    <property name="java.vm.version" value="11.0.21+9-post-Ubuntu-0ubuntu120.04"/>
    <property name="java.specification.maintenance.version" value="2"/>
    <property name="sun.io.unicode.encoding" value="UnicodeLittle"/>
    <property name="java.class.version" value="55.0"/>
  </properties>
  <testcase name="shouldAnswerWithTrue" classname="com.learn.AppTest" time="0.002"/>
</testsuite>